This is XeTeX, Version 3.1415926-2.4-0.9998 (MiKTeX 2.9) (preloaded format=xelatex 2014.3.4)  28 APR 2015 09:03
entering extended mode
**C:/Users/Varchas/Desktop/Reed/Thesis/Thesis/Results.tex
(C:/Users/Varchas/Desktop/Reed/Thesis/Thesis/Results.tex
LaTeX2e <2011/06/27>
Babel <v3.8m> and hyphenation patterns for english, afrikaans, ancientgreek, ar
abic, armenian, assamese, basque, bengali, bokmal, bulgarian, catalan, coptic, 
croatian, czech, danish, dutch, esperanto, estonian, farsi, finnish, french, ga
lician, german, german-x-2012-05-30, greek, gujarati, hindi, hungarian, iceland
ic, indonesian, interlingua, irish, italian, kannada, kurmanji, latin, latvian,
 lithuanian, malayalam, marathi, mongolian, mongolianlmc, monogreek, ngerman, n
german-x-2012-05-30, nynorsk, oriya, panjabi, pinyin, polish, portuguese, roman
ian, russian, sanskrit, serbian, slovak, slovenian, spanish, swedish, swissgerm
an, tamil, telugu, turkish, turkmen, ukenglish, ukrainian, uppersorbian, usengl
ishmax, welsh, loaded.
! Undefined control sequence.
l.1 \chapter
            {Results}
? 
! Emergency stop.
l.1 \chapter
            {Results}
End of file on the terminal!

 
Here is how much of TeX's memory you used:
 6 strings out of 429035
 179 string characters out of 3166908
 47509 words of memory out of 3000000
 3355 multiletter control sequences out of 15000+200000
 3640 words of font info for 14 fonts, out of 3000000 for 9000
 912 hyphenation exceptions out of 8191
 5i,0n,1p,75b,8s stack positions out of 5000i,500n,10000p,200000b,50000s
No pages of output.
