This is pdfTeX, Version 3.1415926-2.4-1.40.13 (MiKTeX 2.9) (preloaded format=pdflatex 2013.7.7)  5 APR 2015 21:14
entering extended mode
**C:/Users/Varchas/Desktop/Reed/Thesis/Thesis/thesis.tex
(C:/Users/Varchas/Desktop/Reed/Thesis/Thesis/thesis.tex
LaTeX2e <2011/06/27>
Babel <v3.8m> and hyphenation patterns for english, afrikaans, ancientgreek, ar
abic, armenian, assamese, basque, bengali, bokmal, bulgarian, catalan, coptic, 
croatian, czech, danish, dutch, esperanto, estonian, farsi, finnish, french, ga
lician, german, german-x-2012-05-30, greek, gujarati, hindi, hungarian, iceland
ic, indonesian, interlingua, irish, italian, kannada, kurmanji, latin, latvian,
 lithuanian, malayalam, marathi, mongolian, mongolianlmc, monogreek, ngerman, n
german-x-2012-05-30, nynorsk, oriya, panjabi, pinyin, polish, portuguese, roman
ian, russian, sanskrit, serbian, slovak, slovenian, spanish, swedish, swissgerm
an, tamil, telugu, turkish, turkmen, ukenglish, ukrainian, uppersorbian, usengl
ishmax, welsh, loaded.
(C:\Users\Varchas\Desktop\Reed\Thesis\Thesis\reedthesis.cls
Document Class: reedthesis 2004/01/27 The Reed College Thesis Class
("C:\Program Files (x86)\MiKTeX 2.9\tex\latex\base\book.cls"
Document Class: book 2007/10/19 v1.4h Standard LaTeX document class
("C:\Program Files (x86)\MiKTeX 2.9\tex\latex\base\bk12.clo"
File: bk12.clo 2007/10/19 v1.4h Standard LaTeX file (size option)
)
\c@part=\count79
\c@chapter=\count80
\c@section=\count81
\c@subsection=\count82
\c@subsubsection=\count83
\c@paragraph=\count84
\c@subparagraph=\count85
\c@figure=\count86
\c@table=\count87
\abovecaptionskip=\skip41
\belowcaptionskip=\skip42
\bibindent=\dimen102
)
("C:\Program Files (x86)\MiKTeX 2.9\tex\latex\fancyhdr\fancyhdr.sty"
\fancy@headwidth=\skip43
\f@ncyO@elh=\skip44
\f@ncyO@erh=\skip45
\f@ncyO@olh=\skip46
\f@ncyO@orh=\skip47
\f@ncyO@elf=\skip48
\f@ncyO@erf=\skip49
\f@ncyO@olf=\skip50
\f@ncyO@orf=\skip51
))
("C:\Program Files (x86)\MiKTeX 2.9\tex\latex\graphics\graphicx.sty"
Package: graphicx 1999/02/16 v1.0f Enhanced LaTeX Graphics (DPC,SPQR)

("C:\Program Files (x86)\MiKTeX 2.9\tex\latex\graphics\keyval.sty"
Package: keyval 1999/03/16 v1.13 key=value parser (DPC)
\KV@toks@=\toks14
)
("C:\Program Files (x86)\MiKTeX 2.9\tex\latex\graphics\graphics.sty"
Package: graphics 2009/02/05 v1.0o Standard LaTeX Graphics (DPC,SPQR)

("C:\Program Files (x86)\MiKTeX 2.9\tex\latex\graphics\trig.sty"
Package: trig 1999/03/16 v1.09 sin cos tan (DPC)
)
("C:\Program Files (x86)\MiKTeX 2.9\tex\latex\00miktex\graphics.cfg"
File: graphics.cfg 2007/01/18 v1.5 graphics configuration of teTeX/TeXLive
)
Package graphics Info: Driver file: pdftex.def on input line 91.

("C:\Program Files (x86)\MiKTeX 2.9\tex\latex\pdftex-def\pdftex.def"
File: pdftex.def 2011/05/27 v0.06d Graphics/color for pdfTeX

("C:\Program Files (x86)\MiKTeX 2.9\tex\generic\oberdiek\infwarerr.sty"
Package: infwarerr 2010/04/08 v1.3 Providing info/warning/error messages (HO)
)
("C:\Program Files (x86)\MiKTeX 2.9\tex\generic\oberdiek\ltxcmds.sty"
Package: ltxcmds 2011/11/09 v1.22 LaTeX kernel commands for general use (HO)
)
\Gread@gobject=\count88
))
\Gin@req@height=\dimen103
\Gin@req@width=\dimen104
)
("C:\Program Files (x86)\MiKTeX 2.9\tex\latex\base\latexsym.sty"
Package: latexsym 1998/08/17 v2.2e Standard LaTeX package (lasy symbols)
\symlasy=\mathgroup4
LaTeX Font Info:    Overwriting symbol font `lasy' in version `bold'
(Font)                  U/lasy/m/n --> U/lasy/b/n on input line 47.
)
("C:\Program Files (x86)\MiKTeX 2.9\tex\latex\amsfonts\amssymb.sty"
Package: amssymb 2013/01/14 v3.01 AMS font symbols

("C:\Program Files (x86)\MiKTeX 2.9\tex\latex\amsfonts\amsfonts.sty"
Package: amsfonts 2013/01/14 v3.01 Basic AMSFonts support
\@emptytoks=\toks15
\symAMSa=\mathgroup5
\symAMSb=\mathgroup6
LaTeX Font Info:    Overwriting math alphabet `\mathfrak' in version `bold'
(Font)                  U/euf/m/n --> U/euf/b/n on input line 106.
))
("C:\Program Files (x86)\MiKTeX 2.9\tex\latex\amscls\amsthm.sty"
Package: amsthm 2004/08/06 v2.20
\thm@style=\toks16
\thm@bodyfont=\toks17
\thm@headfont=\toks18
\thm@notefont=\toks19
\thm@headpunct=\toks20
\thm@preskip=\skip52
\thm@postskip=\skip53
\thm@headsep=\skip54
\dth@everypar=\toks21
)
("C:\Program Files (x86)\MiKTeX 2.9\tex\latex\amsmath\amsmath.sty"
Package: amsmath 2013/01/14 v2.14 AMS math features
\@mathmargin=\skip55

For additional information on amsmath, use the `?' option.
("C:\Program Files (x86)\MiKTeX 2.9\tex\latex\amsmath\amstext.sty"
Package: amstext 2000/06/29 v2.01

("C:\Program Files (x86)\MiKTeX 2.9\tex\latex\amsmath\amsgen.sty"
File: amsgen.sty 1999/11/30 v2.0
\@emptytoks=\toks22
\ex@=\dimen105
))
("C:\Program Files (x86)\MiKTeX 2.9\tex\latex\amsmath\amsbsy.sty"
Package: amsbsy 1999/11/29 v1.2d
\pmbraise@=\dimen106
)
("C:\Program Files (x86)\MiKTeX 2.9\tex\latex\amsmath\amsopn.sty"
Package: amsopn 1999/12/14 v2.01 operator names
)
\inf@bad=\count89
LaTeX Info: Redefining \frac on input line 210.
\uproot@=\count90
\leftroot@=\count91
LaTeX Info: Redefining \overline on input line 306.
\classnum@=\count92
\DOTSCASE@=\count93
LaTeX Info: Redefining \ldots on input line 378.
LaTeX Info: Redefining \dots on input line 381.
LaTeX Info: Redefining \cdots on input line 466.
\Mathstrutbox@=\box26
\strutbox@=\box27
\big@size=\dimen107
LaTeX Font Info:    Redeclaring font encoding OML on input line 566.
LaTeX Font Info:    Redeclaring font encoding OMS on input line 567.
\macc@depth=\count94
\c@MaxMatrixCols=\count95
\dotsspace@=\muskip10
\c@parentequation=\count96
\dspbrk@lvl=\count97
\tag@help=\toks23
\row@=\count98
\column@=\count99
\maxfields@=\count100
\andhelp@=\toks24
\eqnshift@=\dimen108
\alignsep@=\dimen109
\tagshift@=\dimen110
\tagwidth@=\dimen111
\totwidth@=\dimen112
\lineht@=\dimen113
\@envbody=\toks25
\multlinegap=\skip56
\multlinetaggap=\skip57
\mathdisplay@stack=\toks26
LaTeX Info: Redefining \[ on input line 2665.
LaTeX Info: Redefining \] on input line 2666.
)
("C:\Program Files (x86)\MiKTeX 2.9\tex\latex\tools\longtable.sty"
Package: longtable 2004/02/01 v4.11 Multi-page Table package (DPC)
\LTleft=\skip58
\LTright=\skip59
\LTpre=\skip60
\LTpost=\skip61
\LTchunksize=\count101
\LTcapwidth=\dimen114
\LT@head=\box28
\LT@firsthead=\box29
\LT@foot=\box30
\LT@lastfoot=\box31
\LT@cols=\count102
\LT@rows=\count103
\c@LT@tables=\count104
\c@LT@chunks=\count105
\LT@p@ftn=\toks27
)
("C:\Program Files (x86)\MiKTeX 2.9\tex\latex\booktabs\booktabs.sty"
Package: booktabs 2005/04/14 v1.61803 publication quality tables
\heavyrulewidth=\dimen115
\lightrulewidth=\dimen116
\cmidrulewidth=\dimen117
\belowrulesep=\dimen118
\belowbottomsep=\dimen119
\aboverulesep=\dimen120
\abovetopsep=\dimen121
\cmidrulesep=\dimen122
\cmidrulekern=\dimen123
\defaultaddspace=\dimen124
\@cmidla=\count106
\@cmidlb=\count107
\@aboverulesep=\dimen125
\@belowrulesep=\dimen126
\@thisruleclass=\count108
\@lastruleclass=\count109
\@thisrulewidth=\dimen127
)
("C:\Program Files (x86)\MiKTeX 2.9\tex\latex\setspace\setspace.sty"
Package: setspace 2011/12/19 v6.7a set line spacing
)
(C:\Users\Varchas\Desktop\Reed\Thesis\Thesis\chemarr.sty
Package: chemarr 2001/06/22 v1.1 Chemical reaction arrows (HO)
)
("C:\Program Files (x86)\MiKTeX 2.9\tex\latex\ltxmisc\url.sty"
\Urlmuskip=\muskip11
Package: url 2006/04/12  ver 3.3  Verb mode for urls, etc.
)
("C:\Program Files (x86)\MiKTeX 2.9\tex\latex\rotating\rotating.sty"
Package: rotating 2009/03/28 v2.16a rotated objects in LaTeX

("C:\Program Files (x86)\MiKTeX 2.9\tex\latex\base\ifthen.sty"
Package: ifthen 2001/05/26 v1.1c Standard LaTeX ifthen package (DPC)
)
\c@r@tfl@t=\count110
\rotFPtop=\skip62
\rotFPbot=\skip63
\rot@float@box=\box32
\rot@mess@toks=\toks28
)
("C:\Program Files (x86)\MiKTeX 2.9\tex\latex\natbib\natbib.sty"
Package: natbib 2010/09/13 8.31b (PWD, AO)
\bibhang=\skip64
\bibsep=\skip65
LaTeX Info: Redefining \cite on input line 694.
\c@NAT@ctr=\count111
)
("C:\Program Files (x86)\MiKTeX 2.9\tex\latex\graphics\color.sty"
Package: color 2005/11/14 v1.0j Standard LaTeX Color (DPC)

("C:\Program Files (x86)\MiKTeX 2.9\tex\latex\00miktex\color.cfg"
File: color.cfg 2007/01/18 v1.5 color configuration of teTeX/TeXLive
)
Package color Info: Driver file: pdftex.def on input line 130.
)
("C:\Program Files (x86)\MiKTeX 2.9\tex\latex\epigraph\epigraph.sty"
Package: epigraph 2009/09/02 v1.5c typesetting epigraphs
\beforeepigraphskip=\skip66
\afterepigraphskip=\skip67
\epigraphwidth=\skip68
\epigraphrule=\skip69
)
("C:\Program Files (x86)\MiKTeX 2.9\tex\latex\tensor\tensor.sty"
Package: tensor 2004/12/20 v2.1 tensor indices package (PGR)
\tnsr@Sps=\toks29
\tnsr@Sbs=\toks30
\tnsr@Spe=\toks31
\tnsr@Sbe=\toks32
\ncld@Mno=\toks33
)
("C:\Program Files (x86)\MiKTeX 2.9\tex\latex\natbib\bibentry.sty"
Package: bibentry 2007/10/30 1.5 (PWD)
)
(C:\Users\Varchas\Desktop\Reed\Thesis\Thesis\defthesis.tex)
(C:\Users\Varchas\Desktop\Reed\Thesis\Thesis\thesis.aux)
LaTeX Font Info:    Checking defaults for OML/cmm/m/it on input line 78.
LaTeX Font Info:    ... okay on input line 78.
LaTeX Font Info:    Checking defaults for T1/cmr/m/n on input line 78.
LaTeX Font Info:    ... okay on input line 78.
LaTeX Font Info:    Checking defaults for OT1/cmr/m/n on input line 78.
LaTeX Font Info:    ... okay on input line 78.
LaTeX Font Info:    Checking defaults for OMS/cmsy/m/n on input line 78.
LaTeX Font Info:    ... okay on input line 78.
LaTeX Font Info:    Checking defaults for OMX/cmex/m/n on input line 78.
LaTeX Font Info:    ... okay on input line 78.
LaTeX Font Info:    Checking defaults for U/cmr/m/n on input line 78.
LaTeX Font Info:    ... okay on input line 78.

("C:\Program Files (x86)\MiKTeX 2.9\tex\context\base\supp-pdf.mkii"
[Loading MPS to PDF converter (version 2006.09.02).]
\scratchcounter=\count112
\scratchdimen=\dimen128
\scratchbox=\box33
\nofMPsegments=\count113
\nofMParguments=\count114
\everyMPshowfont=\toks34
\MPscratchCnt=\count115
\MPscratchDim=\dimen129
\MPnumerator=\count116
\makeMPintoPDFobject=\count117
\everyMPtoPDFconversion=\toks35
)
LaTeX Font Info:    Try loading font information for U+lasy on input line 80.
 ("C:\Program Files (x86)\MiKTeX 2.9\tex\latex\base\ulasy.fd"
File: ulasy.fd 1998/08/17 v2.2e LaTeX symbol font definitions
)
LaTeX Font Info:    Try loading font information for U+msa on input line 80.

("C:\Program Files (x86)\MiKTeX 2.9\tex\latex\amsfonts\umsa.fd"
File: umsa.fd 2013/01/14 v3.01 AMS symbols A
)
LaTeX Font Info:    Try loading font information for U+msb on input line 80.

("C:\Program Files (x86)\MiKTeX 2.9\tex\latex\amsfonts\umsb.fd"
File: umsb.fd 2013/01/14 v3.01 AMS symbols B
) [1
Non-PDF special ignored!
Non-PDF special ignored!


{C:/Users/Varchas/AppData/Local/MiKTeX/2.9/pdftex/config/pdftex.map}] [2

] [3] [4

]
(C:\Users\Varchas\Desktop\Reed\Thesis\Thesis\thesis.toc)
\tf@toc=\write3
 [1


] [2

]
(C:\Users\Varchas\Desktop\Reed\Thesis\Thesis\thesis.lof
Underfull \vbox (badness 10000) has occurred while \output is active []

 [3])
\tf@lof=\write4

[4] (C:\Users\Varchas\Desktop\Reed\Thesis\Thesis\introduction.tex
<Figs/ReCylinder.png, id=32, 477.28313pt x 617.30624pt>
File: Figs/ReCylinder.png Graphic file (type png)

<use Figs/ReCylinder.png>
Package pdftex.def Info: Figs/ReCylinder.png used on input line 15.
(pdftex.def)             Requested size: 190.90987pt x 246.91812pt.


LaTeX Warning: `h' float specifier changed to `ht'.


Underfull \hbox (badness 10000) in paragraph at lines 21--22

 []

[1


]

Package Fancyhdr Warning: \headheight is too small (12.0pt): 
 Make it at least 14.49998pt.
 We now make it that large for the rest of the document.
 This may cause the page layout to be inconsistent, however.

[2 <C:/Users/Varchas/Desktop/Reed/Thesis/Thesis/Figs/ReCylinder.png>]
<Figs/planeCouetteDiagram.pdf, id=45, 603.15437pt x 314.29318pt>
File: Figs/planeCouetteDiagram.pdf Graphic file (type pdf)

<use Figs/planeCouetteDiagram.pdf>
Package pdftex.def Info: Figs/planeCouetteDiagram.pdf used on input line 30.
(pdftex.def)             Requested size: 241.25748pt x 125.71504pt.

<Figs/planeCouetteMeanFlow.pdf, id=46, 378.80621pt x 167.18762pt>
File: Figs/planeCouetteMeanFlow.pdf Graphic file (type pdf)

<use Figs/planeCouetteMeanFlow.pdf>
Package pdftex.def Info: Figs/planeCouetteMeanFlow.pdf used on input line 43.
(pdftex.def)             Requested size: 227.28548pt x 100.31334pt.

Underfull \hbox (badness 10000) in paragraph at lines 49--50

 []

[3 <C:/Users/Varchas/Desktop/Reed/Thesis/Thesis/Figs/planeCouetteDiagram.pdf>]
<Figs/VectorSpace.pdf, id=97, 580.13736pt x 399.35297pt>
File: Figs/VectorSpace.pdf Graphic file (type pdf)

<use Figs/VectorSpace.pdf>
Package pdftex.def Info: Figs/VectorSpace.pdf used on input line 54.
(pdftex.def)             Requested size: 348.0851pt x 239.61362pt.

<Figs/LorenzAttractor.pdf, id=98, 1444.39626pt x 724.7075pt>
File: Figs/LorenzAttractor.pdf Graphic file (type pdf)

<use Figs/LorenzAttractor.pdf>
Package pdftex.def Info: Figs/LorenzAttractor.pdf used on input line 60.
(pdftex.def)             Requested size: 722.19637pt x 362.35286pt.
 [4 <C:/Users/Varchas/Desktop/Reed/Thesis/Thesis/Figs/planeCouetteMeanFlow.pdf>
]

LaTeX Warning: `h' float specifier changed to `ht'.

Missing character: There is no â in font cmr12!
Missing character: There is no € in font cmr12!
Missing character: There is no œ in font cmr12!
<Figs/ECSClassification.pdf, id=123, 717.81273pt x 676.93301pt>
File: Figs/ECSClassification.pdf Graphic file (type pdf)

<use Figs/ECSClassification.pdf>
Package pdftex.def Info: Figs/ECSClassification.pdf used on input line 68.
(pdftex.def)             Requested size: 358.90549pt x 338.46568pt.
 [5 <C:/Users/Varchas/Desktop/Reed/Thesis/Thesis/Figs/VectorSpace.pdf>] [6 <C:/
Users/Varchas/Desktop/Reed/Thesis/Thesis/Figs/LorenzAttractor.pdf>]
Underfull \vbox (badness 10000) has occurred while \output is active []

 [7 <C:/Users/Varchas/Desktop/Reed/Thesis/Thesis/Figs/ECSClassification.pdf>]
<Figs/phaseSpaceTraj.pdf, id=220, 397.485pt x 164.73308pt>
File: Figs/phaseSpaceTraj.pdf Graphic file (type pdf)

<use Figs/phaseSpaceTraj.pdf>
Package pdftex.def Info: Figs/phaseSpaceTraj.pdf used on input line 77.
(pdftex.def)             Requested size: 433.62pt x 179.71384pt.
)
(C:\Users\Varchas\Desktop\Reed\Thesis\Thesis\NavierStokesDerivation.tex
[8 <C:/Users/Varchas/Desktop/Reed/Thesis/Thesis/Figs/phaseSpaceTraj.pdf>]
Chapter 1.

Underfull \hbox (badness 10000) in paragraph at lines 9--11

 []

[9

]
Underfull \hbox (badness 10000) in paragraph at lines 26--27

 []

[10] [11] [12] [13] [14])
(C:\Users\Varchas\Desktop\Reed\Thesis\Thesis\NavierStokesSymmetry.tex [15]
[16

]
Chapter 2.
[17] <./Figs/pointwiseinversion.pdf, id=288, 624.16489pt x 197.79999pt>
File: ./Figs/pointwiseinversion.pdf Graphic file (type pdf)

<use ./Figs/pointwiseinversion.pdf>
Package pdftex.def Info: ./Figs/pointwiseinversion.pdf used on input line 23.
(pdftex.def)             Requested size: 433.62pt x 137.41475pt.
 [18 <C:/Users/Varchas/Desktop/Reed/Thesis/Thesis/Figs/pointwiseinversion.pdf>]

Underfull \hbox (badness 10000) in paragraph at lines 48--49

 []

<./Figs/SubCell.pdf, id=315, 540.6087pt x 257.99187pt>
File: ./Figs/SubCell.pdf Graphic file (type pdf)

<use ./Figs/SubCell.pdf>
Package pdftex.def Info: ./Figs/SubCell.pdf used on input line 52.
(pdftex.def)             Requested size: 433.62pt x 206.93701pt.


LaTeX Warning: `h' float specifier changed to `ht'.

[19] <./Figs/shiftReflectNotCommuting.pdf, id=320, 693.3835pt x 420.71881pt>
File: ./Figs/shiftReflectNotCommuting.pdf Graphic file (type pdf)

<use ./Figs/shiftReflectNotCommuting.pdf>
Package pdftex.def Info: ./Figs/shiftReflectNotCommuting.pdf used on input line
 63.
(pdftex.def)             Requested size: 433.62pt x 263.10268pt.

<./Figs/shiftReflectCommuting.pdf, id=321, 666.20795pt x 309.45712pt>
File: ./Figs/shiftReflectCommuting.pdf Graphic file (type pdf)

<use ./Figs/shiftReflectCommuting.pdf>
Package pdftex.def Info: ./Figs/shiftReflectCommuting.pdf used on input line 68
.
(pdftex.def)             Requested size: 433.62pt x 201.42332pt.

Underfull \hbox (badness 10000) in paragraph at lines 80--81

 []

[20 <C:/Users/Varchas/Desktop/Reed/Thesis/Thesis/Figs/SubCell.pdf>]

LaTeX Warning: Text page 21 contains only floats.


Overfull \vbox (2.92932pt too high) has occurred while \output is active []


[21 <C:/Users/Varchas/Desktop/Reed/Thesis/Thesis/Figs/shiftReflectNotCommuting.
pdf> <C:/Users/Varchas/Desktop/Reed/Thesis/Thesis/Figs/shiftReflectCommuting.pd
f

pdfTeX warning: pdflatex.EXE (file C:/Users/Varchas/Desktop/Reed/Thesis/Thesis/
Figs/shiftReflectCommuting.pdf): PDF inclusion: multiple pdfs with page group i
ncluded in a single page
>]) (C:\Users\Varchas\Desktop\Reed\Thesis\Thesis\Numerics.tex [22]
Chapter 3.
[23

] [24]) [25] [26

] (C:\Users\Varchas\Desktop\Reed\Thesis\Thesis\thesis.bbl
[27

]
Missing character: There is no â in font cmr12!
Missing character: There is no € in font cmr12!
Missing character: There is no ” in font cmr12!
Missing character: There is no Ã in font cmti12!
Missing character: There is no ¶ in font cmti12!
 [28]) [29] (C:\Users\Varchas\Desktop\Reed\Thesis\Thesis\thesis.aux) ) 
Here is how much of TeX's memory you used:
 3436 strings out of 493921
 45040 string characters out of 3144871
 102729 words of memory out of 3000000
 6619 multiletter control sequences out of 15000+200000
 18989 words of font info for 77 fonts, out of 3000000 for 9000
 841 hyphenation exceptions out of 8191
 28i,13n,45p,2053b,409s stack positions out of 5000i,500n,10000p,200000b,50000s
<C:/Progr
am Files (x86)/MiKTeX 2.9/fonts/type1/public/amsfonts/cm/cmbx10.pfb><C:/Program
 Files (x86)/MiKTeX 2.9/fonts/type1/public/amsfonts/cm/cmbx12.pfb><C:/Program F
iles (x86)/MiKTeX 2.9/fonts/type1/public/amsfonts/cm/cmex10.pfb><C:/Program Fil
es (x86)/MiKTeX 2.9/fonts/type1/public/amsfonts/cm/cmmi10.pfb><C:/Program Files
 (x86)/MiKTeX 2.9/fonts/type1/public/amsfonts/cm/cmmi12.pfb><C:/Program Files (
x86)/MiKTeX 2.9/fonts/type1/public/amsfonts/cm/cmmi7.pfb><C:/Program Files (x86
)/MiKTeX 2.9/fonts/type1/public/amsfonts/cm/cmmi8.pfb><C:/Program Files (x86)/M
iKTeX 2.9/fonts/type1/public/amsfonts/cm/cmr10.pfb><C:/Program Files (x86)/MiKT
eX 2.9/fonts/type1/public/amsfonts/cm/cmr12.pfb><C:/Program Files (x86)/MiKTeX 
2.9/fonts/type1/public/amsfonts/cm/cmr17.pfb><C:/Program Files (x86)/MiKTeX 2.9
/fonts/type1/public/amsfonts/cm/cmr7.pfb><C:/Program Files (x86)/MiKTeX 2.9/fon
ts/type1/public/amsfonts/cm/cmr8.pfb><C:/Program Files (x86)/MiKTeX 2.9/fonts/t
ype1/public/amsfonts/cm/cmsl12.pfb><C:/Program Files (x86)/MiKTeX 2.9/fonts/typ
e1/public/amsfonts/cm/cmsy10.pfb><C:/Program Files (x86)/MiKTeX 2.9/fonts/type1
/public/amsfonts/cm/cmsy7.pfb><C:/Program Files (x86)/MiKTeX 2.9/fonts/type1/pu
blic/amsfonts/cm/cmsy8.pfb><C:/Program Files (x86)/MiKTeX 2.9/fonts/type1/publi
c/amsfonts/cm/cmti10.pfb><C:/Program Files (x86)/MiKTeX 2.9/fonts/type1/public/
amsfonts/cm/cmti12.pfb><C:/Program Files (x86)/MiKTeX 2.9/fonts/type1/public/am
sfonts/cm/cmtt10.pfb><C:/Program Files (x86)/MiKTeX 2.9/fonts/type1/public/amsf
onts/cm/cmtt12.pfb><C:/Program Files (x86)/MiKTeX 2.9/fonts/type1/public/amsfon
ts/symbols/msbm10.pfb>
Output written on thesis.pdf (37 pages, 3169919 bytes).
PDF statistics:
 524 PDF objects out of 1000 (max. 8388607)
 0 named destinations out of 1000 (max. 500000)
 56 words of extra memory for PDF output out of 10000 (max. 10000000)

